0 info it worked if it ends with ok
1 verbose cli [ '/usr/local/bin/node', '/usr/local/bin/npm', 'start' ]
2 info using npm@1.4.28
3 info using node@v0.10.32
4 verbose run-script [ 'prestart', 'start', 'poststart' ]
5 info prestart GroupnGo@0.0.1
6 info start GroupnGo@0.0.1
7 verbose unsafe-perm in lifecycle true
8 info GroupnGo@0.0.1 Failed to exec start script
9 error GroupnGo@0.0.1 start: `nodemon app.js`
9 error Exit status 1
10 error Failed at the GroupnGo@0.0.1 start script.
10 error This is most likely a problem with the GroupnGo package,
10 error not with npm itself.
10 error Tell the author that this fails on your system:
10 error     nodemon app.js
10 error You can get their info via:
10 error     npm owner ls GroupnGo
10 error There is likely additional logging output above.
11 error System Linux 2.6.32-042stab092.3
12 error command "/usr/local/bin/node" "/usr/local/bin/npm" "start"
13 error cwd /home/repos/Group-N-Go/server
14 error node -v v0.10.32
15 error npm -v 1.4.28
16 error code ELIFECYCLE
17 verbose exit [ 1, true ]
